<?xml version="1.0" encoding="UTF-8"?>
<testsuite xmlns:xsi="http://www.w3.org/2001/XMLSchema-instance" xsi:noNamespaceSchemaLocation="https://maven.apache.org/surefire/maven-surefire-plugin/xsd/surefire-test-report-3.0.xsd" version="3.0" name="NEJM Home Page Validation Feature" time="28.346" tests="2" errors="2" skipped="0" failures="0">
  <properties>
[...]
</properties>
  <testcase name="Verify My Account User information using web auth API" classname="NEJM Home Page Validation Feature" time="26.021">
    <error message="java.net.ConnectException: Failed to connect to localhost/[0:0:0:0:0:0:0:1]:18265&#10;Build info: version: &apos;3.141.59&apos;, revision: &apos;e82be7d358&apos;, time: &apos;2018-11-14T08:17:03&apos;&#10;System info: host: &apos;VM-ATIWARI-10D&apos;, ip: &apos;172.16.141.126&apos;, os.name: &apos;Windows 10&apos;, os.arch: &apos;amd64&apos;, os.version: &apos;10.0&apos;, java.version: &apos;15.0.1&apos;&#10;Driver info: driver.version: FirefoxDriver" type="org.openqa.selenium.WebDriverException"><![CDATA[org.openqa.selenium.WebDriverException: 
java.net.ConnectException: Failed to connect to localhost/[0:0:0:0:0:0:0:1]:18265
Build info: version: '3.141.59', revision: 'e82be7d358', time: '2018-11-14T08:17:03'
System info: host: 'VM-ATIWARI-10D', ip: '172.16.141.126', os.name: 'Windows 10', os.arch: 'amd64', os.version: '10.0', java.version: '15.0.1'
Driver info: driver.version: FirefoxDriver
Caused by: java.net.ConnectException: Failed to connect to localhost/[0:0:0:0:0:0:0:1]:18265
Caused by: java.net.ConnectException: Connection refused: no further information
]]></error>
    <system-out><![CDATA[
Scenario: Verify My Account User information using web auth API &amp#27;[90m# src/test/resources/Features/nejm.feature:8&amp#27;[0m
      &amp#27;[31morg.openqa.selenium.WebDriverException: java.net.ConnectException: Failed to connect to localhost/[0:0:0:0:0:0:0:1]:18265
Build info: version: '3.141.59', revision: 'e82be7d358', time: '2018-11-14T08:17:03'
System info: host: 'VM-ATIWARI-10D', ip: '172.16.141.126', os.name: 'Windows 10', os.arch: 'amd64', os.version: '10.0', java.version: '15.0.1'
Driver info: driver.version: FirefoxDriver
	at org.openqa.selenium.remote.service.DriverCommandExecutor.execute(DriverCommandExecutor.java:92)
	at org.openqa.selenium.remote.RemoteWebDriver.execute(RemoteWebDriver.java:552)
	at org.openqa.selenium.remote.RemoteWebDriver.startSession(RemoteWebDriver.java:213)
	at org.openqa.selenium.remote.RemoteWebDriver.<init>(RemoteWebDriver.java:131)
	at org.openqa.selenium.firefox.FirefoxDriver.<init>(FirefoxDriver.java:147)
	at org.openqa.selenium.firefox.FirefoxDriver.<init>(FirefoxDriver.java:125)
	at com.mms_training_basepage.TestBase.initialization(TestBase.java:39)
	at com.mms_training.stepDefinitions.CucumberHooksStepDef.setUp(CucumberHooksStepDef.java:12)
Caused by: java.net.ConnectException: Failed to connect to localhost/[0:0:0:0:0:0:0:1]:18265
	at okhttp3.internal.connection.RealConnection.connectSocket(RealConnection.java:247)
	at okhttp3.internal.connection.RealConnection.connect(RealConnection.java:165)
	at okhttp3.internal.connection.StreamAllocation.findConnection(StreamAllocation.java:257)
	at okhttp3.internal.connection.StreamAllocation.findHealthyConnection(StreamAllocation.java:135)
	at okhttp3.internal.connection.StreamAllocation.newStream(StreamAllocation.java:114)
	at okhttp3.internal.connection.ConnectInterceptor.intercept(ConnectInterceptor.java:42)
	at okhttp3.internal.http.RealInterceptorChain.proceed(RealInterceptorChain.java:147)
	at okhttp3.internal.http.RealInterceptorChain.proceed(RealInterceptorChain.java:121)
	at okhttp3.internal.cache.CacheInterceptor.intercept(CacheInterceptor.java:93)
	at okhttp3.internal.http.RealInterceptorChain.proceed(RealInterceptorChain.java:147)
	at okhttp3.internal.http.RealInterceptorChain.proceed(RealInterceptorChain.java:121)
	at okhttp3.internal.http.BridgeInterceptor.intercept(BridgeInterceptor.java:93)
	at okhttp3.internal.http.RealInterceptorChain.proceed(RealInterceptorChain.java:147)
	at okhttp3.internal.http.RetryAndFollowUpInterceptor.intercept(RetryAndFollowUpInterceptor.java:126)
	at okhttp3.internal.http.RealInterceptorChain.proceed(RealInterceptorChain.java:147)
	at okhttp3.internal.http.RealInterceptorChain.proceed(RealInterceptorChain.java:121)
	at okhttp3.RealCall.getResponseWithInterceptorChain(RealCall.java:200)
	at okhttp3.RealCall.execute(RealCall.java:77)
	at org.openqa.selenium.remote.internal.OkHttpClient.execute(OkHttpClient.java:103)
	at org.openqa.selenium.remote.ProtocolHandshake.createSession(ProtocolHandshake.java:105)
	at org.openqa.selenium.remote.ProtocolHandshake.createSession(ProtocolHandshake.java:74)
	at org.openqa.selenium.remote.HttpCommandExecutor.execute(HttpCommandExecutor.java:136)
	at org.openqa.selenium.remote.service.DriverCommandExecutor.execute(DriverCommandExecutor.java:83)
	at org.openqa.selenium.remote.RemoteWebDriver.execute(RemoteWebDriver.java:552)
	at org.openqa.selenium.remote.RemoteWebDriver.startSession(RemoteWebDriver.java:213)
	at org.openqa.selenium.remote.RemoteWebDriver.<init>(RemoteWebDriver.java:131)
	at org.openqa.selenium.firefox.FirefoxDriver.<init>(FirefoxDriver.java:147)
	at org.openqa.selenium.firefox.FirefoxDriver.<init>(FirefoxDriver.java:125)
	at com.mms_training_basepage.TestBase.initialization(TestBase.java:39)
	at com.mms_training.stepDefinitions.CucumberHooksStepDef.setUp(CucumberHooksStepDef.java:12)
	at java.base/jdk.internal.reflect.NativeMethodAccessorImpl.invoke0(Native Method)
	at java.base/jdk.internal.reflect.NativeMethodAccessorImpl.invoke(NativeMethodAccessorImpl.java:64)
	at java.base/jdk.internal.reflect.DelegatingMethodAccessorImpl.invoke(DelegatingMethodAccessorImpl.java:43)
	at java.base/java.lang.reflect.Method.invoke(Method.java:564)
	at io.cucumber.java.Invoker.doInvoke(Invoker.java:66)
	at io.cucumber.java.Invoker.invoke(Invoker.java:24)
	at io.cucumber.java.AbstractGlueDefinition.invokeMethod(AbstractGlueDefinition.java:47)
	at io.cucumber.java.JavaHookDefinition.execute(JavaHookDefinition.java:59)
	at io.cucumber.core.runner.CoreHookDefinition.execute(CoreHookDefinition.java:46)
	at io.cucumber.core.runner.HookDefinitionMatch.runStep(HookDefinitionMatch.java:21)
	at io.cucumber.core.runner.ExecutionMode$1.execute(ExecutionMode.java:10)
	at io.cucumber.core.runner.TestStep.executeStep(TestStep.java:92)
	at io.cucumber.core.runner.TestStep.run(TestStep.java:64)
	at io.cucumber.core.runner.TestCase.run(TestCase.java:98)
	at io.cucumber.core.runner.Runner.runPickle(Runner.java:71)
	at io.cucumber.junit.PickleRunners$NoStepDescriptions.run(PickleRunners.java:151)
	at io.cucumber.junit.FeatureRunner.runChild(FeatureRunner.java:135)
	at io.cucumber.junit.FeatureRunner.runChild(FeatureRunner.java:27)
	at org.junit.runners.ParentRunner$4.run(ParentRunner.java:331)
	at org.junit.runners.ParentRunner$1.schedule(ParentRunner.java:79)
	at org.junit.runners.ParentRunner.runChildren(ParentRunner.java:329)
	at org.junit.runners.ParentRunner.access$100(ParentRunner.java:66)
	at org.junit.runners.ParentRunner$2.evaluate(ParentRunner.java:293)
	at org.junit.runners.ParentRunner$3.evaluate(ParentRunner.java:306)
	at org.junit.runners.ParentRunner.run(ParentRunner.java:413)
	at io.cucumber.junit.Cucumber.runChild(Cucumber.java:199)
	at io.cucumber.junit.Cucumber.runChild(Cucumber.java:90)
	at org.junit.runners.ParentRunner$4.run(ParentRunner.java:331)
	at org.junit.runners.ParentRunner$1.schedule(ParentRunner.java:79)
	at org.junit.runners.ParentRunner.runChildren(ParentRunner.java:329)
	at org.junit.runners.ParentRunner.access$100(ParentRunner.java:66)
	at org.junit.runners.ParentRunner$2.evaluate(ParentRunner.java:293)
	at io.cucumber.junit.Cucumber$RunCucumber.evaluate(Cucumber.java:234)
	at org.junit.runners.ParentRunner$3.evaluate(ParentRunner.java:306)
	at org.junit.runners.ParentRunner.run(ParentRunner.java:413)
	at org.junit.runners.Suite.runChild(Suite.java:128)
	at org.junit.runners.Suite.runChild(Suite.java:27)
	at org.junit.runners.ParentRunner$4.run(ParentRunner.java:331)
	at org.junit.runners.ParentRunner$1.schedule(ParentRunner.java:79)
	at org.junit.runners.ParentRunner.runChildren(ParentRunner.java:329)
	at org.junit.runners.ParentRunner.access$100(ParentRunner.java:66)
	at org.junit.runners.ParentRunner$2.evaluate(ParentRunner.java:293)
	at org.junit.runners.ParentRunner$3.evaluate(ParentRunner.java:306)
	at org.junit.runners.ParentRunner.run(ParentRunner.java:413)
	at org.apache.maven.surefire.junitcore.JUnitCore.run(JUnitCore.java:55)
	at org.apache.maven.surefire.junitcore.JUnitCoreWrapper.createRequestAndRun(JUnitCoreWrapper.java:137)
	at org.apache.maven.surefire.junitcore.JUnitCoreWrapper.executeEager(JUnitCoreWrapper.java:107)
	at org.apache.maven.surefire.junitcore.JUnitCoreWrapper.execute(JUnitCoreWrapper.java:83)
	at org.apache.maven.surefire.junitcore.JUnitCoreWrapper.execute(JUnitCoreWrapper.java:75)
	at org.apache.maven.surefire.junitcore.JUnitCoreProvider.invoke(JUnitCoreProvider.java:157)
	at org.apache.maven.surefire.booter.ForkedBooter.runSuitesInProcess(ForkedBooter.java:428)
	at org.apache.maven.surefire.booter.ForkedBooter.execute(ForkedBooter.java:162)
	at org.apache.maven.surefire.booter.ForkedBooter.run(ForkedBooter.java:562)
	at org.apache.maven.surefire.booter.ForkedBooter.main(ForkedBooter.java:548)
Caused by: java.net.ConnectException: Connection refused: no further information
	at java.base/sun.nio.ch.Net.pollConnect(Native Method)
	at java.base/sun.nio.ch.Net.pollConnectNow(Net.java:660)
	at java.base/sun.nio.ch.NioSocketImpl.timedFinishConnect(NioSocketImpl.java:549)
	at java.base/sun.nio.ch.NioSocketImpl.connect(NioSocketImpl.java:597)
	at java.base/java.net.SocksSocketImpl.connect(SocksSocketImpl.java:333)
	at java.base/java.net.Socket.connect(Socket.java:648)
	at okhttp3.internal.platform.Platform.connectSocket(Platform.java:129)
	at okhttp3.internal.connection.RealConnection.connectSocket(RealConnection.java:245)
	... 83 more
&amp#27;[0m
  &amp#27;[36mGiven &amp#27;[0m&amp#27;[36mI am on My Account NEJM Catalyst page&amp#27;[0m                   &amp#27;[90m# com.mms_training.stepDefinitions.NEJMCatalystMyAccountStepDef.i_am_on_my_account_nejm_catalyst_page()&amp#27;[0m
  &amp#27;[36mAnd &amp#27;[0m&amp#27;[36mI Register user with the following details&amp#27;[0m                &amp#27;[90m# com.mms_training.stepDefinitions.NEJMCatalystMyAccountStepDef.i_register_user_with_the_following_details(io.cucumber.datatable.DataTable)&amp#27;[0m
      &amp#27;[31mjava.lang.NullPointerException: Cannot invoke "org.openqa.selenium.WebDriver.close()" because "com.mms_training.stepDefinitions.CucumberHooksStepDef.driver" is null
	at com.mms_training.stepDefinitions.CucumberHooksStepDef.tearDown(CucumberHooksStepDef.java:17)
&amp#27;[0m
]]></system-out>
    <system-err><![CDATA[G:\cucumber-framework\automation-test-templates\Drigeckvoedrrsi\vger e0c.k2o8d.r0i v(ecr0.0edx2eb:6 aecrdr3ofr :2 0A2n0 -i1n1v-al0i3d  1a6r:g2u9 m+e0n2t0 0w)a s
 WseubpDprliiveedr.  i(mopsl eemrernotra t1i0o0n2 2)f
or Firefox

USAGE:
    geckodriver.exe [FLAGS] [OPTIONS]

FLAGS:
        --connect-existing    Connect to an existing Firefox instance
    -h, --help                Prints this message
        --jsdebugger          Attach browser toolbox debugger for Firefox
    -v                        Log level verbosity (-v for debug and -vv for trace level)
    -V, --version             Prints version and copying information

OPTIONS:
        --android-storage <ANDROID_STORAGE>    Selects storage location to be used for test data. [default: auto]
                                               [possible values: auto, app, internal, sdcard]
    -b, --binary <BINARY>                      Path to the Firefox binary
        --log <LEVEL>                          Set Gecko log level [possible values: fatal, error, warn, info, config,
                                               debug, trace]
        --marionette-host <HOST>               Host to use to connect to Gecko [default: 127.0.0.1]
        --marionette-port <PORT>               Port to use to connect to Gecko [default: system-allocated port]
        --host <HOST>                          Host IP to use for WebDriver server [default: 127.0.0.1]
    -p, --port <PORT>                          Port to use for WebDriver server [default: 4444]
]]></system-err>
  </testcase>
  <testcase name="Verify My Account User information using web auth API" classname="NEJM Home Page Validation Feature" time="26.023">
    <error message="Cannot invoke &quot;org.openqa.selenium.WebDriver.close()&quot; because &quot;com.mms_training.stepDefinitions.CucumberHooksStepDef.driver&quot; is null" type="java.lang.NullPointerException"><![CDATA[java.lang.NullPointerException: Cannot invoke "org.openqa.selenium.WebDriver.close()" because "com.mms_training.stepDefinitions.CucumberHooksStepDef.driver" is null
]]></error>
  </testcase>
</testsuite>